Arguments: 
  C:\Program Files\nodejs\node.exe C:\Users\Falcon\AppData\Roaming\npm\node_modules\yarn\bin\yarn.js add readline-sync nodemon

PATH: 
  C:\Users\Falcon\bin;C:\Users\Falcon\scoop\apps\git\2.27.0.windows.1\mingw64\bin;C:\Users\Falcon\scoop\apps\git\2.27.0.windows.1\usr\local\bin;C:\Users\Falcon\scoop\apps\git\2.27.0.windows.1\usr\bin;C:\Users\Falcon\scoop\apps\git\2.27.0.windows.1\usr\bin;C:\Users\Falcon\scoop\apps\git\2.27.0.windows.1\mingw64\bin;C:\Users\Falcon\scoop\apps\git\2.27.0.windows.1\usr\bin;C:\Users\Falcon\bin;C:\Python38\Scripts;C:\Python38;C:\Program Files (x86)\Common Files\Oracle\Java\javapath;C:\Program Files (x86)\Intel\iCLS Client;C:\Program Files\Intel\iCLS Client;C:\WINDOWS\system32;C:\WINDOWS;C:\WINDOWS\System32\Wbem;C:\WINDOWS\System32\WindowsPowerShell\v1.0;C:\Program Files (x86)\Intel\Intel(R) Management Engine Components\DAL;C:\Program Files\Intel\Intel(R) Management Engine Components\DAL;C:\Program Files (x86)\Intel\Intel(R) Management Engine Components\IPT;C:\Program Files\Intel\Intel(R) Management Engine Components\IPT;C:\WINDOWS\System32\OpenSSH;C:\Program Files\dotnet;C:\WINDOWS\system32;C:\WINDOWS;C:\WINDOWS\System32\Wbem;C:\WINDOWS\System32\WindowsPowerShell\v1.0;C:\WINDOWS\System32\OpenSSH;C:\Program Files\NVIDIA Corporation\NVIDIA NvDLISR;C:\Program Files (x86)\NVIDIA Corporation\PhysX\Common;C:\Program Files\nodejs;C:\ProgramData\chocolatey\bin;C:\Users\Falcon\scoop\persist\nvm\nodejs\nodejs;C:\Users\Falcon\scoop\shims;C:\Users\Falcon\AppData\Local\Microsoft\WindowsApps;C:\Users\Falcon\AppData\Roaming\npm;C:\Users\Falcon\scoop\apps\git\2.27.0.windows.1\usr\bin\vendor_perl;C:\Users\Falcon\scoop\apps\git\2.27.0.windows.1\usr\bin\core_perl

Yarn version: 
  1.22.4

Node version: 
  12.18.0

Platform: 
  win32 x64

Trace: 
  Error: getaddrinfo EAI_AGAIN registry.yarnpkg.com
      at GetAddrInfoReqWrap.onlookup [as oncomplete] (dns.js:66:26)

npm manifest: 
  {
    "name": "Repl-Game",
    "version": "1.0.0",
    "main": "index.js",
    "repository": "https://github.com/chrisfalcon746/repl-game.git",
    "author": "Christopher Falcon <chrisfalcon59@hotmail.com>",
    "license": "MIT"
  }

yarn manifest: 
  No manifest

Lockfile: 
  # THIS IS AN AUTOGENERATED FILE. DO NOT EDIT THIS FILE DIRECTLY.
  # yarn lockfile v1
